<?xml version="1.0" encoding="UTF-8"?>
<testng-results ignored="0" total="1" passed="1" failed="0" skipped="0">
  <reporter-output>
  </reporter-output>
  <suite started-at="2022-10-09T08:49:11 IST" name="Default suite" finished-at="2022-10-09T08:50:08 IST" duration-ms="56771">
    <groups>
    </groups>
    <test started-at="2022-10-09T08:49:11 IST" name="Default test" finished-at="2022-10-09T08:50:08 IST" duration-ms="56771">
      <class name="Base.Base_Class">
        <test-method signature="initializeBrowser()[pri:0, instance:Base.Base_Class@273e7444]" started-at="2022-10-09T08:49:11 IST" name="initializeBrowser" finished-at="2022-10-09T08:50:08 IST" duration-ms="56703" status="PASS">
          <reporter-output>
          </reporter-output>
        </test-method> <!-- initializeBrowser -->
      </class> <!-- Base.Base_Class -->
    </test> <!-- Default test -->
  </suite> <!-- Default suite -->
</testng-results>
