<?xml version="1.0" encoding="UTF-8"?>
<testng-results ignored="0" total="1" passed="1" failed="0" skipped="0">
  <reporter-output>
  </reporter-output>
  <suite started-at="2022-09-23T19:49:46 IST" name="Default suite" finished-at="2022-09-23T19:49:50 IST" duration-ms="3855">
    <groups>
    </groups>
    <test started-at="2022-09-23T19:49:46 IST" name="Default test" finished-at="2022-09-23T19:49:50 IST" duration-ms="3855">
      <class name="RestTest.TestPost_01">
        <test-method signature="delete_01()[pri:0, instance:RestTest.TestPost_01@229c6181]" started-at="2022-09-23T19:49:46 IST" name="delete_01" finished-at="2022-09-23T19:49:50 IST" duration-ms="3774" status="PASS">
          <reporter-output>
          </reporter-output>
        </test-method> <!-- delete_01 -->
      </class> <!-- RestTest.TestPost_01 -->
    </test> <!-- Default test -->
  </suite> <!-- Default suite -->
</testng-results>
