<?xml version="1.0" encoding="UTF-8"?>
<testng-results ignored="0" total="1" passed="1" failed="0" skipped="0">
  <reporter-output>
    <line>
      <![CDATA[User is on Homepage]]>
    </line>
    <line>
      <![CDATA[app closed]]>
    </line>
    <line>
      <![CDATA[Driver closed]]>
    </line>
    <line>
      <![CDATA[User logged out successfully!]]>
    </line>
  </reporter-output>
  <suite started-at="2022-09-17T22:06:13 IST" name="Default suite" finished-at="2022-09-17T22:06:27 IST" duration-ms="13377">
    <groups>
    </groups>
    <test started-at="2022-09-17T22:06:13 IST" name="Default test" finished-at="2022-09-17T22:06:27 IST" duration-ms="13377">
      <class name="HMSTest.HMSTestClass">
        <test-method is-config="true" signature="login_Page()[pri:0, instance:HMSTest.HMSTestClass@6d4d66d2]" started-at="2022-09-17T22:06:13 IST" name="login_Page" finished-at="2022-09-17T22:06:13 IST" duration-ms="34" status="PASS">
          <reporter-output>
          </reporter-output>
        </test-method> <!-- login_Page -->
        <test-method is-config="true" signature="browserSetup()[pri:0, instance:HMSTest.HMSTestClass@6d4d66d2]" started-at="2022-09-17T22:06:13 IST" name="browserSetup" finished-at="2022-09-17T22:06:19 IST" duration-ms="5992" status="PASS">
          <reporter-output>
          </reporter-output>
        </test-method> <!-- browserSetup -->
        <test-method is-config="true" signature="URLOpening()[pri:0, instance:HMSTest.HMSTestClass@6d4d66d2]" started-at="2022-09-17T22:06:19 IST" name="URLOpening" finished-at="2022-09-17T22:06:21 IST" duration-ms="1764" status="PASS">
          <reporter-output>
          </reporter-output>
        </test-method> <!-- URLOpening -->
        <test-method signature="verify()[pri:0, instance:HMSTest.HMSTestClass@6d4d66d2]" started-at="2022-09-17T22:06:21 IST" name="verify" finished-at="2022-09-17T22:06:21 IST" duration-ms="45" status="PASS">
          <reporter-output>
            <line>
              <![CDATA[User is on Homepage]]>
            </line>
          </reporter-output>
        </test-method> <!-- verify -->
        <test-method is-config="true" signature="appClosed()[pri:0, instance:HMSTest.HMSTestClass@6d4d66d2]" started-at="2022-09-17T22:06:21 IST" name="appClosed" finished-at="2022-09-17T22:06:21 IST" duration-ms="1" status="PASS">
          <reporter-output>
            <line>
              <![CDATA[app closed]]>
            </line>
          </reporter-output>
        </test-method> <!-- appClosed -->
        <test-method is-config="true" signature="teardown()[pri:0, instance:HMSTest.HMSTestClass@6d4d66d2]" started-at="2022-09-17T22:06:21 IST" name="teardown" finished-at="2022-09-17T22:06:27 IST" duration-ms="5419" status="PASS">
          <reporter-output>
            <line>
              <![CDATA[Driver closed]]>
            </line>
          </reporter-output>
        </test-method> <!-- teardown -->
        <test-method is-config="true" signature="user_logout()[pri:0, instance:HMSTest.HMSTestClass@6d4d66d2]" started-at="2022-09-17T22:06:27 IST" name="user_logout" finished-at="2022-09-17T22:06:27 IST" duration-ms="0" status="PASS">
          <reporter-output>
            <line>
              <![CDATA[User logged out successfully!]]>
            </line>
          </reporter-output>
        </test-method> <!-- user_logout -->
      </class> <!-- HMSTest.HMSTestClass -->
    </test> <!-- Default test -->
  </suite> <!-- Default suite -->
</testng-results>
